<?xml version="1.0" encoding="UTF-8"?>
<!-- Generated by org.testng.reporters.JUnitReportReporter -->
<testsuite hostname="DESKTOP-0SA4MEV" failures="0" tests="1" name="com.qa.tests.LoginTest" time="0.013" errors="0" timestamp="13 Jul 2021 14:47:50 GMT" skipped="0">
  <testcase classname="com.qa.tests.LoginTest" name="test1" time="0.013"/>
</testsuite> <!-- com.qa.tests.LoginTest -->
